{"created": 1755536092.2219977, "duration": 0.027987957000732422, "exitcode": 1, "root": "/workspace", "environment": {}, "summary": {"passed": 7, "failed": 3, "total": 10, "collected": 10}, "collectors": [{"nodeid": "", "outcome": "passed", "result": [{"nodeid": ".", "type": "Dir"}]}, {"nodeid": "examples/demos/demo_exceptions", "outcome": "passed", "result": []}, {"nodeid": "examples/demos", "outcome": "passed", "result": [{"nodeid": "examples/demos/demo_exceptions", "type": "Dir"}]}, {"nodeid": "examples", "outcome": "passed", "result": [{"nodeid": "examples/demos", "type": "Dir"}]}, {"nodeid": "telemetry/20250815T031640Z-8f0c26e4/patches", "outcome": "passed", "result": []}, {"nodeid": "telemetry/20250815T031640Z-8f0c26e4/reports", "outcome": "passed", "result": []}, {"nodeid": "telemetry/20250815T031640Z-8f0c26e4", "outcome": "passed", "result": [{"nodeid": "telemetry/20250815T031640Z-8f0c26e4/patches", "type": "Dir"}, {"nodeid": "telemetry/20250815T031640Z-8f0c26e4/reports", "type": "Dir"}]}, {"nodeid": "telemetry/20250815T040417Z-a3020170/reports", "outcome": "passed", "result": []}, {"nodeid": "telemetry/20250815T040417Z-a3020170", "outcome": "passed", "result": [{"nodeid": "telemetry/20250815T040417Z-a3020170/reports", "type": "Dir"}]}, {"nodeid": "telemetry", "outcome": "passed", "result": [{"nodeid": "telemetry/20250815T031640Z-8f0c26e4", "type": "Dir"}, {"nodeid": "telemetry/20250815T040417Z-a3020170", "type": "Dir"}]}, {"nodeid": "test_exceptions.py", "outcome": "passed", "result": [{"nodeid": "test_exceptions.py::test_divide_numbers_success", "type": "Function", "lineno": 11}, {"nodeid": "test_exceptions.py::test_divide_numbers_exceptions", "type": "Function", "lineno": 18}, {"nodeid": "test_exceptions.py::test_validate_age_success", "type": "Function", "lineno": 35}, {"nodeid": "test_exceptions.py::test_validate_age_exceptions", "type": "Function", "lineno": 42}, {"nodeid": "test_exceptions.py::test_process_data_success", "type": "Function", "lineno": 63}, {"nodeid": "test_exceptions.py::test_process_data_exceptions", "type": "Function", "lineno": 70}, {"nodeid": "test_exceptions.py::test_file_processor_exceptions", "type": "Function", "lineno": 93}, {"nodeid": "test_exceptions.py::test_safe_conversion_success", "type": "Function", "lineno": 108}, {"nodeid": "test_exceptions.py::test_safe_conversion_exceptions", "type": "Function", "lineno": 115}, {"nodeid": "test_exceptions.py::test_custom_error", "type": "Function", "lineno": 128}]}, {"nodeid": ".", "outcome": "passed", "result": [{"nodeid": "examples", "type": "Dir"}, {"nodeid": "telemetry", "type": "Dir"}, {"nodeid": "test_exceptions.py", "type": "Module"}]}], "tests": [{"nodeid": "test_exceptions.py::test_divide_numbers_success", "lineno": 11, "outcome": "passed", "keywords": ["test_divide_numbers_success", "test_exceptions.py", "workspace", ""], "setup": {"duration": 7.949999996981205e-05, "outcome": "passed"}, "call": {"duration": 5.237499999566353e-05, "outcome": "passed"}, "teardown": {"duration": 4.7957999981917965e-05, "outcome": "passed"}}, {"nodeid": "test_exceptions.py::test_divide_numbers_exceptions", "lineno": 18, "outcome": "failed", "keywords": ["test_divide_numbers_exceptions", "test_exceptions.py", "workspace", ""], "setup": {"duration": 4.6999999995023245e-05, "outcome": "passed"}, "call": {"duration": 0.0002125839999962409, "outcome": "failed", "crash": {"path": "/workspace/test_exceptions.py", "lineno": 24, "message": "AssertionError: assert 'division by zero' == 'Cannot divide by zero'\n  \n  - Cannot divide by zero\n  + division by zero"}, "traceback": [{"path": "test_exceptions.py", "lineno": 24, "message": "AssertionError"}], "longrepr": "def test_divide_numbers_exceptions():\n        \"\"\"Test division exceptions.\"\"\"\n        # Test ZeroDivisionError\n        with pytest.raises(ZeroDivisionError) as exc_info:\n            divide_numbers(10, 0)\n>       assert str(exc_info.value) == \"Cannot divide by zero\"\nE       AssertionError: assert 'division by zero' == 'Cannot divide by zero'\nE         \nE         - Cannot divide by zero\nE         + division by zero\n\ntest_exceptions.py:24: AssertionError"}, "teardown": {"duration": 7.762500001717854e-05, "outcome": "passed"}}, {"nodeid": "test_exceptions.py::test_validate_age_success", "lineno": 35, "outcome": "passed", "keywords": ["test_validate_age_success", "test_exceptions.py", "workspace", ""], "setup": {"duration": 4.2874999962805305e-05, "outcome": "passed"}, "call": {"duration": 4.037500002596062e-05, "outcome": "passed"}, "teardown": {"duration": 4.391699997086107e-05, "outcome": "passed"}}, {"nodeid": "test_exceptions.py::test_validate_age_exceptions", "lineno": 42, "outcome": "failed", "keywords": ["test_validate_age_exceptions", "test_exceptions.py", "workspace", ""], "setup": {"duration": 5.2458000027399976e-05, "outcome": "passed"}, "call": {"duration": 4.887499994765676e-05, "outcome": "failed", "crash": {"path": "/workspace/test_exceptions.py", "lineno": 46, "message": "Failed: DID NOT RAISE <class 'exceptions.ValidationError'>"}, "traceback": [{"path": "test_exceptions.py", "lineno": 46, "message": "Failed"}], "longrepr": "def test_validate_age_exceptions():\n        \"\"\"Test age validation exceptions.\"\"\"\n        # Test invalid type\n>       with pytest.raises(ValidationError) as exc_info:\nE       Failed: DID NOT RAISE <class 'exceptions.ValidationError'>\n\ntest_exceptions.py:46: Failed"}, "teardown": {"duration": 6.700000005821494e-05, "outcome": "passed"}}, {"nodeid": "test_exceptions.py::test_process_data_success", "lineno": 63, "outcome": "passed", "keywords": ["test_process_data_success", "test_exceptions.py", "workspace", ""], "setup": {"duration": 3.1874999990577635e-05, "outcome": "passed"}, "call": {"duration": 4.062499999690772e-05, "outcome": "passed"}, "teardown": {"duration": 3.62920000043232e-05, "outcome": "passed"}}, {"nodeid": "test_exceptions.py::test_process_data_exceptions", "lineno": 70, "outcome": "passed", "keywords": ["test_process_data_exceptions", "test_exceptions.py", "workspace", ""], "setup": {"duration": 4.4083000034333963e-05, "outcome": "passed"}, "call": {"duration": 5.249999992429366e-05, "outcome": "passed"}, "teardown": {"duration": 3.7334000012378965e-05, "outcome": "passed"}}, {"nodeid": "test_exceptions.py::test_file_processor_exceptions", "lineno": 93, "outcome": "failed", "keywords": ["test_file_processor_exceptions", "test_exceptions.py", "workspace", ""], "setup": {"duration": 4.741700001886784e-05, "outcome": "passed"}, "call": {"duration": 0.00015720800001872703, "outcome": "failed", "crash": {"path": "/workspace/test_exceptions.py", "lineno": 99, "message": "Failed: DID NOT RAISE <class 'FileNotFoundError'>"}, "traceback": [{"path": "test_exceptions.py", "lineno": 99, "message": "Failed"}], "longrepr": "def test_file_processor_exceptions():\n        \"\"\"Test FileProcessor exception handling.\"\"\"\n        processor = FileProcessor(\"nonexistent_file.txt\")\n    \n        # Test FileNotFoundError\n>       with pytest.raises(FileNotFoundError) as exc_info:\nE       Failed: DID NOT RAISE <class 'FileNotFoundError'>\n\ntest_exceptions.py:99: Failed"}, "teardown": {"duration": 9.424999996099359e-05, "outcome": "passed"}}, {"nodeid": "test_exceptions.py::test_safe_conversion_success", "lineno": 108, "outcome": "passed", "keywords": ["test_safe_conversion_success", "test_exceptions.py", "workspace", ""], "setup": {"duration": 3.554099998837046e-05, "outcome": "passed"}, "call": {"duration": 4.183299995474954e-05, "outcome": "passed"}, "teardown": {"duration": 3.99169999809601e-05, "outcome": "passed"}}, {"nodeid": "test_exceptions.py::test_safe_conversion_exceptions", "lineno": 115, "outcome": "passed", "keywords": ["test_safe_conversion_exceptions", "test_exceptions.py", "workspace", ""], "setup": {"duration": 4.1667000004963484e-05, "outcome": "passed"}, "call": {"duration": 5.1042000109191576e-05, "outcome": "passed"}, "teardown": {"duration": 3.583299996989808e-05, "outcome": "passed"}}, {"nodeid": "test_exceptions.py::test_custom_error", "lineno": 128, "outcome": "passed", "keywords": ["test_custom_error", "test_exceptions.py", "workspace", ""], "setup": {"duration": 3.979200005232997e-05, "outcome": "passed"}, "call": {"duration": 3.34169999405276e-05, "outcome": "passed"}, "teardown": {"duration": 4.641699990770576e-05, "outcome": "passed"}}]}