<?xml version="1.0" encoding="utf-8"?><testsuites name="pytest tests"><testsuite name="pytest" errors="0" failures="5" skipped="0" tests="5" time="0.040" timestamp="2025-08-25T18:02:12.486859-07:00" hostname="MacBook-Pro.local"><testcase classname="examples.demos.demo_oop.test_oop_classes.TestBankAccount" name="test_deposit_withdraw" time="0.000"><failure message="assert 15000 == 150&#10; +  where 15000 = get_balance()&#10; +    where get_balance = &lt;oop_classes.BankAccount object at 0x107577680&gt;.get_balance">test_oop_classes.py:16: in test_deposit_withdraw
    assert account.get_balance() == 150
E   assert 15000 == 150
E    +  where 15000 = get_balance()
E    +    where get_balance = &lt;oop_classes.BankAccount object at 0x107577680&gt;.get_balance</failure></testcase><testcase classname="examples.demos.demo_oop.test_oop_classes.TestBankAccount" name="test_negative_deposit" time="0.000"><failure message="assert 5000 == 100&#10; +  where 5000 = get_balance()&#10; +    where get_balance = &lt;oop_classes.BankAccount object at 0x10761cf50&gt;.get_balance">test_oop_classes.py:25: in test_negative_deposit
    assert account.get_balance() == 100  # Should not change
    ^^^^^^^^^^^^^^^^^^^^^^^^^^^^^^^^^^^
E   assert 5000 == 100
E    +  where 5000 = get_balance()
E    +    where get_balance = &lt;oop_classes.BankAccount object at 0x10761cf50&gt;.get_balance</failure></testcase><testcase classname="examples.demos.demo_oop.test_oop_classes.TestBankAccount" name="test_overdraft_protection" time="0.000"><failure message="assert 150 == 0">test_oop_classes.py:31: in test_overdraft_protection
    assert result == 0  # Should not allow
    ^^^^^^^^^^^^^^^^^^
E   assert 150 == 0</failure></testcase><testcase classname="examples.demos.demo_oop.test_oop_classes.TestRectangle" name="test_area" time="0.000"><failure message="assert 9 == 20&#10; +  where 9 = area()&#10; +    where area = &lt;oop_classes.Rectangle object at 0x10761f0b0&gt;.area">test_oop_classes.py:40: in test_area
    assert rect.area() == 20
E   assert 9 == 20
E    +  where 9 = area()
E    +    where area = &lt;oop_classes.Rectangle object at 0x10761f0b0&gt;.area</failure></testcase><testcase classname="examples.demos.demo_oop.test_oop_classes.TestRectangle" name="test_perimeter" time="0.000"><failure message="assert 20 == 18&#10; +  where 20 = perimeter()&#10; +    where perimeter = &lt;oop_classes.Rectangle object at 0x1075e61b0&gt;.perimeter">test_oop_classes.py:48: in test_perimeter
    assert rect.perimeter() == 18
E   assert 20 == 18
E    +  where 20 = perimeter()
E    +    where perimeter = &lt;oop_classes.Rectangle object at 0x1075e61b0&gt;.perimeter</failure></testcase></testsuite></testsuites>